<<<<<<< HEAD
2020-07-14 23:22:55,732: Mouse events, seconds: 4
2020-07-14 23:23:55,738: Mouse events, seconds: 0
2020-07-14 23:37:15,658: Mouse events, seconds: 44
2020-07-14 23:38:15,679: Mouse events, seconds: 16
2020-07-14 23:39:15,686: Mouse events, seconds: 0
2020-07-14 23:40:15,691: Mouse events, seconds: 12
2020-07-14 23:41:15,703: Mouse events, seconds: 0
2020-07-14 23:42:15,711: Mouse events, seconds: 0
2020-07-14 23:43:15,717: Mouse events, seconds: 0
2020-07-14 23:44:15,731: Mouse events, seconds: 0
2020-07-14 23:45:15,739: Mouse events, seconds: 0
2020-07-14 23:46:15,747: Mouse events, seconds: 0
2020-07-14 23:47:15,762: Mouse events, seconds: 0
2020-07-14 23:48:15,769: Mouse events, seconds: 0
2020-07-14 23:49:15,772: Mouse events, seconds: 33
2020-07-14 23:50:15,772: Mouse events, seconds: 44
2020-07-14 23:51:15,776: Mouse events, seconds: 35
2020-07-14 23:52:15,785: Mouse events, seconds: 13
2020-07-14 23:53:15,786: Mouse events, seconds: 52
2020-07-14 23:54:15,795: Mouse events, seconds: 49
2020-07-14 23:55:15,808: Mouse events, seconds: 27
2020-07-14 23:56:15,810: Mouse events, seconds: 50
2020-07-14 23:57:15,819: Mouse events, seconds: 26
2020-07-14 23:58:15,821: Mouse events, seconds: 43
2020-07-14 23:59:15,836: Mouse events, seconds: 25
2020-07-15 00:00:15,851: Mouse events, seconds: 33
2020-07-15 00:01:15,865: Mouse events, seconds: 53
2020-07-15 00:02:15,875: Mouse events, seconds: 44
2020-07-15 00:03:15,887: Mouse events, seconds: 32
2020-07-15 00:04:15,887: Mouse events, seconds: 54
2020-07-15 00:05:15,888: Mouse events, seconds: 57
2020-07-15 00:06:15,889: Mouse events, seconds: 47
2020-07-15 00:07:15,905: Mouse events, seconds: 32
2020-07-15 00:08:15,913: Mouse events, seconds: 0
2020-07-15 00:09:15,931: Mouse events, seconds: 26
2020-07-15 00:10:15,947: Mouse events, seconds: 58
2020-07-15 00:11:15,955: Mouse events, seconds: 46
2020-07-15 00:12:15,968: Mouse events, seconds: 25
2020-07-15 00:27:58,897: Mouse events, seconds: 3
2020-07-15 00:28:58,904: Mouse events, seconds: 14
2020-07-15 00:29:58,906: Mouse events, seconds: 16
2020-07-15 00:30:58,913: Mouse events, seconds: 0
2020-07-15 00:31:58,927: Mouse events, seconds: 0
2020-07-15 00:32:58,928: Mouse events, seconds: 38
2020-07-15 00:33:58,933: Mouse events, seconds: 48
2020-07-15 00:34:58,943: Mouse events, seconds: 55
2020-07-15 00:42:50,448: Mouse events, seconds: 16
2020-07-15 00:43:50,450: Mouse events, seconds: 43
2020-07-15 00:44:50,451: Mouse events, seconds: 49
2020-07-15 00:45:50,452: Mouse events, seconds: 27
2020-07-15 00:46:50,453: Mouse events, seconds: 13
2020-07-15 00:47:50,453: Mouse events, seconds: 36
2020-07-15 00:48:50,454: Mouse events, seconds: 28
2020-07-15 00:49:50,455: Mouse events, seconds: 38
2020-07-15 00:50:50,455: Mouse events, seconds: 35
2020-07-15 00:51:50,457: Mouse events, seconds: 24
2020-07-15 00:52:50,458: Mouse events, seconds: 18
2020-07-15 00:53:50,462: Mouse events, seconds: 34
2020-07-15 00:54:50,462: Mouse events, seconds: 37
2020-07-15 00:55:50,463: Mouse events, seconds: 29
2020-07-15 00:56:50,464: Mouse events, seconds: 47
2020-07-15 00:57:50,465: Mouse events, seconds: 49
2020-07-15 00:58:50,465: Mouse events, seconds: 52
2020-07-15 00:59:50,472: Mouse events, seconds: 49
2020-07-15 01:00:50,485: Mouse events, seconds: 36
2020-07-15 01:01:50,490: Mouse events, seconds: 36
2020-07-15 01:02:50,499: Mouse events, seconds: 25
2020-07-15 01:03:50,500: Mouse events, seconds: 37
2020-07-15 01:04:50,502: Mouse events, seconds: 44
2020-07-15 01:05:50,502: Mouse events, seconds: 40
2020-07-15 01:06:50,516: Mouse events, seconds: 51
2020-07-15 01:07:50,526: Mouse events, seconds: 38
2020-07-15 01:08:50,532: Mouse events, seconds: 50
2020-07-15 01:09:50,534: Mouse events, seconds: 52
2020-07-15 01:10:50,536: Mouse events, seconds: 51
2020-07-15 01:11:50,544: Mouse events, seconds: 41
2020-07-15 01:12:50,549: Mouse events, seconds: 19
2020-07-15 01:13:50,560: Mouse events, seconds: 30
2020-07-15 01:15:50,745: Mouse events, seconds: 11
2020-07-15 01:16:50,746: Mouse events, seconds: 25
2020-07-15 01:17:50,754: Mouse events, seconds: 46
2020-07-16 10:13:03,946: Mouse events, seconds: 20
2020-07-16 10:14:03,953: Mouse events, seconds: 27
2020-07-16 10:21:28,895: Mouse events, seconds: 5
2020-07-16 10:22:28,960: Mouse events, seconds: 0
2020-07-16 10:23:29,049: Data collection disabled
2020-07-16 10:24:29,123: Data collection disabled
2020-07-16 10:25:29,198: Mouse events, seconds: 4
=======
2020-07-14 23:22:55,732: Mouse events, seconds: 4
2020-07-14 23:23:55,738: Mouse events, seconds: 0
2020-07-14 23:37:15,658: Mouse events, seconds: 44
2020-07-14 23:38:15,679: Mouse events, seconds: 16
2020-07-14 23:39:15,686: Mouse events, seconds: 0
2020-07-14 23:40:15,691: Mouse events, seconds: 12
2020-07-14 23:41:15,703: Mouse events, seconds: 0
2020-07-14 23:42:15,711: Mouse events, seconds: 0
2020-07-14 23:43:15,717: Mouse events, seconds: 0
2020-07-14 23:44:15,731: Mouse events, seconds: 0
2020-07-14 23:45:15,739: Mouse events, seconds: 0
2020-07-14 23:46:15,747: Mouse events, seconds: 0
2020-07-14 23:47:15,762: Mouse events, seconds: 0
2020-07-14 23:48:15,769: Mouse events, seconds: 0
2020-07-14 23:49:15,772: Mouse events, seconds: 33
2020-07-14 23:50:15,772: Mouse events, seconds: 44
2020-07-14 23:51:15,776: Mouse events, seconds: 35
2020-07-14 23:52:15,785: Mouse events, seconds: 13
2020-07-14 23:53:15,786: Mouse events, seconds: 52
2020-07-14 23:54:15,795: Mouse events, seconds: 49
2020-07-14 23:55:15,808: Mouse events, seconds: 27
2020-07-14 23:56:15,810: Mouse events, seconds: 50
2020-07-14 23:57:15,819: Mouse events, seconds: 26
2020-07-14 23:58:15,821: Mouse events, seconds: 43
2020-07-14 23:59:15,836: Mouse events, seconds: 25
2020-07-15 00:00:15,851: Mouse events, seconds: 33
2020-07-15 00:01:15,865: Mouse events, seconds: 53
2020-07-15 00:02:15,875: Mouse events, seconds: 44
2020-07-15 00:03:15,887: Mouse events, seconds: 32
2020-07-15 00:04:15,887: Mouse events, seconds: 54
2020-07-15 00:05:15,888: Mouse events, seconds: 57
2020-07-15 00:06:15,889: Mouse events, seconds: 47
2020-07-15 00:07:15,905: Mouse events, seconds: 32
2020-07-15 00:08:15,913: Mouse events, seconds: 0
2020-07-15 00:09:15,931: Mouse events, seconds: 26
2020-07-15 00:10:15,947: Mouse events, seconds: 58
2020-07-15 00:11:15,955: Mouse events, seconds: 46
2020-07-15 00:12:15,968: Mouse events, seconds: 25
2020-07-15 00:27:58,897: Mouse events, seconds: 3
2020-07-15 00:28:58,904: Mouse events, seconds: 14
2020-07-15 00:29:58,906: Mouse events, seconds: 16
2020-07-15 00:30:58,913: Mouse events, seconds: 0
2020-07-15 00:31:58,927: Mouse events, seconds: 0
2020-07-15 00:32:58,928: Mouse events, seconds: 38
2020-07-15 00:33:58,933: Mouse events, seconds: 48
2020-07-15 00:34:58,943: Mouse events, seconds: 55
2020-07-15 00:42:50,448: Mouse events, seconds: 16
2020-07-15 00:43:50,450: Mouse events, seconds: 43
2020-07-15 00:44:50,451: Mouse events, seconds: 49
2020-07-15 00:45:50,452: Mouse events, seconds: 27
2020-07-15 00:46:50,453: Mouse events, seconds: 13
2020-07-15 00:47:50,453: Mouse events, seconds: 36
2020-07-15 00:48:50,454: Mouse events, seconds: 28
2020-07-15 00:49:50,455: Mouse events, seconds: 38
2020-07-15 00:50:50,455: Mouse events, seconds: 35
2020-07-15 00:51:50,457: Mouse events, seconds: 24
2020-07-15 00:52:50,458: Mouse events, seconds: 18
2020-07-15 00:53:50,462: Mouse events, seconds: 34
2020-07-15 00:54:50,462: Mouse events, seconds: 37
2020-07-15 00:55:50,463: Mouse events, seconds: 29
2020-07-15 00:56:50,464: Mouse events, seconds: 47
2020-07-15 00:57:50,465: Mouse events, seconds: 49
2020-07-15 00:58:50,465: Mouse events, seconds: 52
2020-07-15 00:59:50,472: Mouse events, seconds: 49
2020-07-15 01:00:50,485: Mouse events, seconds: 36
2020-07-15 01:01:50,490: Mouse events, seconds: 36
2020-07-15 01:02:50,499: Mouse events, seconds: 25
2020-07-15 01:03:50,500: Mouse events, seconds: 37
2020-07-15 01:04:50,502: Mouse events, seconds: 44
2020-07-15 01:05:50,502: Mouse events, seconds: 40
2020-07-15 01:06:50,516: Mouse events, seconds: 51
2020-07-15 01:07:50,526: Mouse events, seconds: 38
2020-07-15 01:08:50,532: Mouse events, seconds: 50
2020-07-15 01:09:50,534: Mouse events, seconds: 52
2020-07-15 01:10:50,536: Mouse events, seconds: 51
2020-07-15 01:11:50,544: Mouse events, seconds: 41
2020-07-15 01:12:50,549: Mouse events, seconds: 19
2020-07-15 01:13:50,560: Mouse events, seconds: 30
2020-07-15 01:15:50,745: Mouse events, seconds: 11
2020-07-15 01:16:50,746: Mouse events, seconds: 25
2020-07-15 01:17:50,754: Mouse events, seconds: 46
>>>>>>> 4851d4dcb28b30f15c91fe512a44d6b0acb31dbe
